2025-11-30 16:23:40 - INFO - Loading config...
2025-11-30 16:23:40 - INFO - Loading MATPOWER topology: ACTIVSg500
2025-11-30 16:23:40 - INFO - Topology loaded successfully.
2025-11-30 16:23:40 - INFO - --------------------------------------------------------
2025-11-30 16:23:40 - INFO - Buses: 500
2025-11-30 16:23:40 - INFO - Lines: 466
2025-11-30 16:23:40 - INFO - Loads: 200
2025-11-30 16:23:40 - INFO - Gens : 89
2025-11-30 16:23:40 - INFO - --------------------------------------------------------
2025-11-30 16:23:40 - INFO - Using random seed = 42
2025-11-30 16:23:40 - INFO - 
2025-11-30 16:23:40 - INFO - ====================================================
2025-11-30 16:23:40 - INFO - [RUN] Distribution = paper
2025-11-30 16:23:40 - INFO - ====================================================
2025-11-30 16:23:40 - INFO - [INFO] Selected 10000 meters for distribution 'paper'
2025-11-30 16:23:40 - INFO - [RUN] dist=paper | fraction=0.1 | trial=1/10
2025-11-30 16:25:47 - INFO - [OK]  J0=6.2409e+00, J1=1.1059e+01, ΔJ%=77.21, L0=-7734.7105, L1=-7471.5131, drop%=-26319746348380.52
2025-11-30 16:25:47 - INFO - [RUN] dist=paper | fraction=0.1 | trial=2/10
2025-11-30 16:27:55 - INFO - [OK]  J0=6.2400e+00, J1=1.0820e+01, ΔJ%=73.39, L0=-7734.7358, L1=-7489.3080, drop%=-24542774726659.17
2025-11-30 16:27:55 - INFO - [RUN] dist=paper | fraction=0.1 | trial=3/10
2025-11-30 16:30:05 - INFO - [OK]  J0=6.2416e+00, J1=1.0766e+01, ΔJ%=72.49, L0=-7734.7698, L1=-7480.7049, drop%=-25406488582272.23
2025-11-30 16:30:05 - INFO - [RUN] dist=paper | fraction=0.1 | trial=4/10
2025-11-30 16:32:11 - INFO - [OK]  J0=6.2409e+00, J1=1.0657e+01, ΔJ%=70.76, L0=-7734.7554, L1=-7503.9445, drop%=-23081086527758.63
2025-11-30 16:32:11 - INFO - [RUN] dist=paper | fraction=0.1 | trial=5/10
2025-11-30 16:34:19 - INFO - [OK]  J0=6.2409e+00, J1=1.0681e+01, ΔJ%=71.14, L0=-7734.6846, L1=-7493.4917, drop%=-24119292584832.88
2025-11-30 16:34:19 - INFO - [RUN] dist=paper | fraction=0.1 | trial=6/10
2025-11-30 16:36:28 - INFO - [OK]  J0=6.2389e+00, J1=1.0727e+01, ΔJ%=71.94, L0=-7734.7906, L1=-7494.0282, drop%=-24076242708067.00
2025-11-30 16:36:28 - INFO - [RUN] dist=paper | fraction=0.1 | trial=7/10
2025-11-30 16:38:36 - INFO - [OK]  J0=6.2400e+00, J1=1.0764e+01, ΔJ%=72.50, L0=-7734.8453, L1=-7489.2189, drop%=-24562640829710.38
2025-11-30 16:38:36 - INFO - [RUN] dist=paper | fraction=0.1 | trial=8/10
2025-11-30 16:40:46 - INFO - [OK]  J0=6.2405e+00, J1=1.1085e+01, ΔJ%=77.64, L0=-7734.7586, L1=-7473.0122, drop%=-26174638611586.12
2025-11-30 16:40:46 - INFO - [RUN] dist=paper | fraction=0.1 | trial=9/10
2025-11-30 16:42:56 - INFO - [OK]  J0=6.2388e+00, J1=1.0584e+01, ΔJ%=69.65, L0=-7734.8258, L1=-7503.9380, drop%=-23088779271716.16
2025-11-30 16:42:56 - INFO - [RUN] dist=paper | fraction=0.1 | trial=10/10
2025-11-30 16:45:06 - INFO - [OK]  J0=6.2414e+00, J1=1.0731e+01, ΔJ%=71.93, L0=-7734.7755, L1=-7500.9126, drop%=-23386290824083.97
2025-11-30 16:45:06 - INFO - [RUN] dist=paper | fraction=0.2 | trial=1/10
2025-11-30 16:47:16 - INFO - [OK]  J0=6.2404e+00, J1=1.1498e+01, ΔJ%=84.26, L0=-7734.6943, L1=-7379.6405, drop%=-35505377463537.12
2025-11-30 16:47:16 - INFO - [RUN] dist=paper | fraction=0.2 | trial=2/10
2025-11-30 16:49:25 - INFO - [OK]  J0=6.2399e+00, J1=1.1600e+01, ΔJ%=85.90, L0=-7734.7596, L1=-7366.8101, drop%=-36794957774266.73
2025-11-30 16:49:25 - INFO - [RUN] dist=paper | fraction=0.2 | trial=3/10
2025-11-30 16:51:35 - INFO - [OK]  J0=6.2410e+00, J1=1.1398e+01, ΔJ%=82.64, L0=-7734.7643, L1=-7404.5304, drop%=-33023388433218.40
2025-11-30 16:51:35 - INFO - [RUN] dist=paper | fraction=0.2 | trial=4/10
2025-11-30 16:53:44 - INFO - [OK]  J0=6.2420e+00, J1=1.1376e+01, ΔJ%=82.24, L0=-7734.6983, L1=-7393.7006, drop%=-34099774857305.24
2025-11-30 16:53:44 - INFO - [RUN] dist=paper | fraction=0.2 | trial=5/10
2025-11-30 16:55:53 - INFO - [OK]  J0=6.2410e+00, J1=1.1651e+01, ΔJ%=86.69, L0=-7734.7196, L1=-7383.0772, drop%=-35164236010318.47
2025-11-30 16:55:53 - INFO - [RUN] dist=paper | fraction=0.2 | trial=6/10
2025-11-30 16:58:03 - INFO - [OK]  J0=6.2407e+00, J1=1.1437e+01, ΔJ%=83.26, L0=-7734.7146, L1=-7390.8977, drop%=-34381685021559.04
2025-11-30 16:58:03 - INFO - [RUN] dist=paper | fraction=0.2 | trial=7/10
2025-11-30 17:00:13 - INFO - [OK]  J0=6.2389e+00, J1=1.1167e+01, ΔJ%=78.99, L0=-7734.7680, L1=-7409.4408, drop%=-32532721718692.48
2025-11-30 17:00:13 - INFO - [RUN] dist=paper | fraction=0.2 | trial=8/10
2025-11-30 17:02:21 - INFO - [OK]  J0=6.2409e+00, J1=1.1927e+01, ΔJ%=91.10, L0=-7734.8383, L1=-7368.2644, drop%=-36657393141308.24
2025-11-30 17:02:21 - INFO - [RUN] dist=paper | fraction=0.2 | trial=9/10
2025-11-30 17:04:31 - INFO - [OK]  J0=6.2403e+00, J1=1.1775e+01, ΔJ%=88.69, L0=-7734.7208, L1=-7362.0517, drop%=-37266905392446.64
2025-11-30 17:04:31 - INFO - [RUN] dist=paper | fraction=0.2 | trial=10/10
